2023-10-25 03:27:08,999 [Worker-1: Loading available Gradle versions] INFO  o.e.b.c.i.u.g.PublishedGradleVersions - Gradle version information cache is up-to-date. Trying to read.
2023-10-25 03:31:17,512 [Worker-13: Import Getting Started Content] INFO  o.e.m.c.i.l.LifecycleMappingFactory - Using org.maven.ide.eclipse.wtp.WarLifecycleMapping lifecycle mapping for MavenProject: com.dojo.daikichiroutes:DaikichiRoutes:0.0.1-SNAPSHOT @ D:\TERRA_F\MES FORMATIONS1 TRIER\CERTIFICATION CODING DOJO\CodingDojo\java\java_Spring\Daikichi_Routes\DaikichiRoutes\pom.xml.
2023-10-25 03:31:23,546 [Worker-13: Import Getting Started Content] INFO  o.e.m.j.i.AbstractJavaProjectConfigurator - Adding source folder /DaikichiRoutes/src/main/java
2023-10-25 03:31:23,547 [Worker-13: Import Getting Started Content] INFO  o.e.m.j.i.AbstractJavaProjectConfigurator - Adding resource folder /DaikichiRoutes/src/main/resources
2023-10-25 03:31:23,558 [Worker-13: Import Getting Started Content] INFO  o.e.m.j.i.AbstractJavaProjectConfigurator - Adding resource folder /DaikichiRoutes/src/main/resources
2023-10-25 03:31:23,569 [Worker-13: Import Getting Started Content] INFO  o.e.m.j.i.AbstractJavaProjectConfigurator - Adding source folder /DaikichiRoutes/src/test/java
2023-10-25 03:31:29,411 [Worker-13: Import Getting Started Content] INFO  o.e.m.c.i.p.ProjectConfigurationManager - Imported and configured 1 project(s) in 15 sec
2023-10-25 03:31:29,416 [Worker-13: Import Getting Started Content] INFO  o.e.m.c.i.p.ProjectConfigurationManager - Update started
2023-10-25 03:31:29,810 [Worker-13: Import Getting Started Content] INFO  o.e.m.c.i.l.LifecycleMappingFactory - Using org.maven.ide.eclipse.wtp.WarLifecycleMapping lifecycle mapping for MavenProject: com.dojo.daikichiroutes:DaikichiRoutes:0.0.1-SNAPSHOT @ D:\TERRA_F\MES FORMATIONS1 TRIER\CERTIFICATION CODING DOJO\CodingDojo\java\java_Spring\Daikichi_Routes\DaikichiRoutes\pom.xml.
2023-10-25 03:31:30,699 [Worker-13: Import Getting Started Content] INFO  o.e.m.j.i.AbstractJavaProjectConfigurator - Adding source folder /DaikichiRoutes/src/main/java
2023-10-25 03:31:30,699 [Worker-13: Import Getting Started Content] INFO  o.e.m.j.i.AbstractJavaProjectConfigurator - Adding resource folder /DaikichiRoutes/src/main/resources
2023-10-25 03:31:30,700 [Worker-13: Import Getting Started Content] INFO  o.e.m.j.i.AbstractJavaProjectConfigurator - Adding resource folder /DaikichiRoutes/src/main/resources
2023-10-25 03:31:30,701 [Worker-13: Import Getting Started Content] INFO  o.e.m.j.i.AbstractJavaProjectConfigurator - Adding source folder /DaikichiRoutes/src/test/java
2023-10-25 03:31:31,401 [Worker-13: Import Getting Started Content] INFO  o.e.m.w.i.f.ResourceFilteringBuildParticipant - Cleaning filtered folder for DaikichiRoutes
2023-10-25 03:31:31,405 [Worker-13: Import Getting Started Content] INFO  o.e.m.c.i.p.ProjectConfigurationManager - Update completed: 1 sec
2023-10-25 03:31:32,008 [Worker-7: Building] INFO  o.a.m.s.f.DefaultMavenResourcesFiltering - Copying 1 resource from src\main\resources to target\classes
2023-10-25 03:31:32,030 [Worker-7: Building] INFO  o.a.m.s.f.DefaultMavenResourcesFiltering - Copying 0 resource from src\main\resources to target\classes
2023-10-25 03:31:32,035 [Worker-7: Building] INFO  o.a.m.s.f.DefaultMavenResourcesFiltering - skip non existing resourceDirectory D:\TERRA_F\MES FORMATIONS1 TRIER\CERTIFICATION CODING DOJO\CodingDojo\java\java_Spring\Daikichi_Routes\DaikichiRoutes\src\test\resources
2023-10-25 03:31:32,036 [Worker-7: Building] INFO  o.e.m.w.i.f.ResourceFilteringBuildParticipant - Changed resources require a complete clean of filtered resources of DaikichiRoutes
2023-10-25 03:31:32,036 [Worker-7: Building] INFO  o.e.m.w.i.f.ResourceFilteringBuildParticipant - Executing resource filtering for DaikichiRoutes
2023-10-25 03:38:41,704 [Worker-18: Building] INFO  o.a.m.s.f.DefaultMavenResourcesFiltering - Copying 1 resource from src\main\resources to target\classes
2023-10-25 03:38:41,714 [Worker-18: Building] INFO  o.a.m.s.f.DefaultMavenResourcesFiltering - Copying 0 resource from src\main\resources to target\classes
2023-10-25 03:38:41,719 [Worker-18: Building] INFO  o.a.m.s.f.DefaultMavenResourcesFiltering - skip non existing resourceDirectory D:\TERRA_F\MES FORMATIONS1 TRIER\CERTIFICATION CODING DOJO\CodingDojo\java\java_Spring\Daikichi_Routes\DaikichiRoutes\src\test\resources
2023-10-25 03:52:35,653 [Worker-22: Launching DaikichiRoutes - DaikichiRoutesApplication] INFO  o.a.m.s.f.DefaultMavenResourcesFiltering - Copying 1 resource from src\main\resources to target\classes
2023-10-25 03:52:35,665 [Worker-22: Launching DaikichiRoutes - DaikichiRoutesApplication] INFO  o.a.m.s.f.DefaultMavenResourcesFiltering - Copying 0 resource from src\main\resources to target\classes
2023-10-25 03:52:35,670 [Worker-22: Launching DaikichiRoutes - DaikichiRoutesApplication] INFO  o.a.m.s.f.DefaultMavenResourcesFiltering - skip non existing resourceDirectory D:\TERRA_F\MES FORMATIONS1 TRIER\CERTIFICATION CODING DOJO\CodingDojo\java\java_Spring\Daikichi_Routes\DaikichiRoutes\src\test\resources
2023-10-25 04:06:01,617 [Worker-29: Building] INFO  o.a.m.s.f.DefaultMavenResourcesFiltering - Copying 1 resource from src\main\resources to target\classes
2023-10-25 04:06:01,628 [Worker-29: Building] INFO  o.a.m.s.f.DefaultMavenResourcesFiltering - Copying 0 resource from src\main\resources to target\classes
2023-10-25 04:06:01,631 [Worker-29: Building] INFO  o.a.m.s.f.DefaultMavenResourcesFiltering - skip non existing resourceDirectory D:\TERRA_F\MES FORMATIONS1 TRIER\CERTIFICATION CODING DOJO\CodingDojo\java\java_Spring\Daikichi_Routes\DaikichiRoutes\src\test\resources
